[debug] [2025-11-16T13:15:43.780Z] ----------------------------------------------------------------------
[debug] [2025-11-16T13:15:43.782Z] Command:       C:\Program Files\nodejs\node.exe C:\Users\lp4prossi\AppData\Roaming\npm\node_modules\firebase-tools\lib\bin\firebase.js emulators:start --import=./firestore-data --export-on-exit
[debug] [2025-11-16T13:15:43.782Z] CLI Version:   14.25.0
[debug] [2025-11-16T13:15:43.782Z] Platform:      win32
[debug] [2025-11-16T13:15:43.782Z] Node Version:  v24.11.1
[debug] [2025-11-16T13:15:43.782Z] Time:          Sun Nov 16 2025 14:15:43 GMT+0100 (Mitteleuropäische Normalzeit)
[debug] [2025-11-16T13:15:43.782Z] ----------------------------------------------------------------------
[debug] 
[debug] [2025-11-16T13:15:43.902Z] > command requires scopes: ["email","openid","https://www.googleapis.com/auth/cloudplatformprojects.readonly","https://www.googleapis.com/auth/firebase","https://www.googleapis.com/auth/cloud-platform"]
[debug] [2025-11-16T13:15:43.902Z] > authorizing via signed-in user (petered79@gmail.com)
[debug] [2025-11-16T13:15:43.951Z] openjdk version "25.0.1" 2025-10-21 LTS
OpenJDK Runtime Environment Temurin-25.0.1+8 (build 25.0.1+8-LTS)

[debug] [2025-11-16T13:15:43.951Z] OpenJDK 64-Bit Server VM Temurin-25.0.1+8 (build 25.0.1+8-LTS, mixed mode, sharing)

[debug] [2025-11-16T13:15:43.959Z] Parsed Java major version: 25
[info] i  emulators: Starting emulators: auth, firestore {"metadata":{"emulator":{"name":"hub"},"message":"Starting emulators: auth, firestore"}}
[debug] [2025-11-16T13:15:43.972Z] [logging] Logging Emulator only supports listening on one address (127.0.0.1). Not listening on ::1
[debug] [2025-11-16T13:15:43.972Z] [auth] Authentication Emulator only supports listening on one address (127.0.0.1). Not listening on ::1
[debug] [2025-11-16T13:15:43.972Z] [firestore] Firestore Emulator only supports listening on one address (127.0.0.1). Not listening on ::1
[debug] [2025-11-16T13:15:43.972Z] [firestore.websocket] websocket server for firestore only supports listening on one address (127.0.0.1). Not listening on ::1
[debug] [2025-11-16T13:15:43.972Z] assigned listening specs for emulators {"user":{"hub":[{"address":"127.0.0.1","family":"IPv4","port":4400},{"address":"::1","family":"IPv6","port":4400}],"ui":[{"address":"127.0.0.1","family":"IPv4","port":4000},{"address":"::1","family":"IPv6","port":4000}],"logging":[{"address":"127.0.0.1","family":"IPv4","port":4500}],"auth":[{"address":"127.0.0.1","family":"IPv4","port":9099}],"firestore":[{"address":"127.0.0.1","family":"IPv4","port":8080}],"firestore.websocket":[{"address":"127.0.0.1","family":"IPv4","port":9150}]},"metadata":{"message":"assigned listening specs for emulators"}}
[debug] [2025-11-16T13:15:43.975Z] Emulator locator file path: C:\Users\LP4PRO~1\AppData\Local\Temp\hub-lms-interactive.json
[debug] [2025-11-16T13:15:43.975Z] [hub] writing locator at C:\Users\LP4PRO~1\AppData\Local\Temp\hub-lms-interactive.json
[debug] [2025-11-16T13:15:43.982Z] Ignoring unsupported arg: auto_download {"metadata":{"emulator":{"name":"firestore"},"message":"Ignoring unsupported arg: auto_download"}}
[debug] [2025-11-16T13:15:43.982Z] Ignoring unsupported arg: single_project_mode_error {"metadata":{"emulator":{"name":"firestore"},"message":"Ignoring unsupported arg: single_project_mode_error"}}
[debug] [2025-11-16T13:15:43.982Z] Starting Firestore Emulator with command {"binary":"java","args":["-Dgoogle.cloud_firestore.debug_log_level=FINE","-Duser.language=en","-jar","C:\\Users\\lp4prossi\\.cache\\firebase\\emulators\\cloud-firestore-emulator-v1.19.8.jar","--host","127.0.0.1","--port",8080,"--websocket_port",9150,"--project_id","lms-interactive","--rules","D:\\OneDrive - bbw.ch\\+GIT\\+ORGs\\lms\\firestore.rules","--single_project_mode",true],"optionalArgs":["port","webchannel_port","host","rules","websocket_port","functions_emulator","seed_from_export","project_id","single_project_mode"],"joinArgs":false,"shell":false,"port":8080} {"metadata":{"emulator":{"name":"firestore"},"message":"Starting Firestore Emulator with command {\"binary\":\"java\",\"args\":[\"-Dgoogle.cloud_firestore.debug_log_level=FINE\",\"-Duser.language=en\",\"-jar\",\"C:\\\\Users\\\\lp4prossi\\\\.cache\\\\firebase\\\\emulators\\\\cloud-firestore-emulator-v1.19.8.jar\",\"--host\",\"127.0.0.1\",\"--port\",8080,\"--websocket_port\",9150,\"--project_id\",\"lms-interactive\",\"--rules\",\"D:\\\\OneDrive - bbw.ch\\\\+GIT\\\\+ORGs\\\\lms\\\\firestore.rules\",\"--single_project_mode\",true],\"optionalArgs\":[\"port\",\"webchannel_port\",\"host\",\"rules\",\"websocket_port\",\"functions_emulator\",\"seed_from_export\",\"project_id\",\"single_project_mode\"],\"joinArgs\":false,\"shell\":false,\"port\":8080}"}}
[info] i  firestore: Firestore Emulator logging to firestore-debug.log {"metadata":{"emulator":{"name":"firestore"},"message":"Firestore Emulator logging to \u001b[1mfirestore-debug.log\u001b[22m"}}
[debug] [2025-11-16T13:15:44.658Z] WARNING: A terminally deprecated method in sun.misc.Unsafe has been called
WARNING: sun.misc.Unsafe::objectFieldOffset has been called by io.netty.util.internal.PlatformDependent0$4 (file:/C:/Users/lp4prossi/.cache/firebase/emulators/cloud-firestore-emulator-v1.19.8.jar)
WARNING: Please consider reporting this to the maintainers of class io.netty.util.internal.PlatformDependent0$4
WARNING: sun.misc.Unsafe::objectFieldOffset will be removed in a future release
 {"metadata":{"emulator":{"name":"firestore"},"message":"WARNING: A terminally deprecated method in sun.misc.Unsafe has been called\nWARNING: sun.misc.Unsafe::objectFieldOffset has been called by io.netty.util.internal.PlatformDependent0$4 (file:/C:/Users/lp4prossi/.cache/firebase/emulators/cloud-firestore-emulator-v1.19.8.jar)\nWARNING: Please consider reporting this to the maintainers of class io.netty.util.internal.PlatformDependent0$4\nWARNING: sun.misc.Unsafe::objectFieldOffset will be removed in a future release\r\n"}}
[debug] [2025-11-16T13:15:45.538Z] Nov 16, 2025 2:15:45 PM com.google.cloud.datastore.emulator.firestore.websocket.WebSocketServer start
INFO: Started WebSocket server on ws://127.0.0.1:9150
 {"metadata":{"emulator":{"name":"firestore"},"message":"Nov 16, 2025 2:15:45 PM com.google.cloud.datastore.emulator.firestore.websocket.WebSocketServer start\r\nINFO: Started WebSocket server on ws://127.0.0.1:9150\r\n"}}
[debug] [2025-11-16T13:15:45.594Z] API endpoint: http:// {"metadata":{"emulator":{"name":"firestore"},"message":"API endpoint: http://"}}
[debug] [2025-11-16T13:15:45.595Z] 127.0.0.1:8080
If you are using a library that supports the FIRESTORE_EMULATOR_HOST environment variable, run:

   export FIRESTORE_EMULATOR_HOST=127.0.0.1:8080

If you are running a Firestore in Datastore Mode project, run:

   export DATASTORE_EMULATOR_HOST=127.0.0.1:8080

Note: Support for Datastore Mode is in preview. If you encounter any bugs please file at https://github.com/firebase/firebase-tools/issues.
Dev App Server is now running.

 {"metadata":{"emulator":{"name":"firestore"},"message":"127.0.0.1:8080\nIf you are using a library that supports the FIRESTORE_EMULATOR_HOST environment variable, run:\r\n\n   export FIRESTORE_EMULATOR_HOST=127.0.0.1:8080\n\nIf you are running a Firestore in Datastore Mode project, run:\r\n\n   export DATASTORE_EMULATOR_HOST=127.0.0.1:8080\n\nNote: Support for Datastore Mode is in preview. If you encounter any bugs please file at https://github.com/firebase/firebase-tools/issues.\r\nDev App Server is now running.\n\r\n"}}
[info] +  firestore: Firestore Emulator UI websocket is running on 9150. {"metadata":{"emulator":{"name":"firestore"},"message":"Firestore Emulator UI websocket is running on 9150."}}
[info] i  ui: downloading ui-v1.15.0.zip... {"metadata":{"emulator":{"name":"ui"},"message":"downloading ui-v1.15.0.zip..."}}
[debug] [2025-11-16T13:15:49.859Z] >>> [apiv2][query] GET https://storage.googleapis.com/firebase-preview-drop/emulator/ui-v1.15.0.zip 
[debug] [2025-11-16T13:15:50.235Z] <<< [apiv2][status] GET https://storage.googleapis.com/firebase-preview-drop/emulator/ui-v1.15.0.zip 200
[debug] [2025-11-16T13:15:50.235Z] <<< [apiv2][body] GET https://storage.googleapis.com/firebase-preview-drop/emulator/ui-v1.15.0.zip [stream]
[debug] [2025-11-16T13:15:51.564Z] Data is 3538469
[debug] [2025-11-16T13:15:51.564Z] [unzip] Entry: client/ (compressed_size=0 bytes, uncompressed_size=0 bytes)
[debug] [2025-11-16T13:15:51.564Z] [unzip] Processing entry: client\
[debug] [2025-11-16T13:15:51.564Z] [unzip] mkdir: C:\Users\lp4prossi\.cache\firebase\emulators\ui-v1.15.0\client\
[debug] [2025-11-16T13:15:51.570Z] [unzip] Entry: client/favicon-16x16.png (compressed_size=293 bytes, uncompressed_size=293 bytes)
[debug] [2025-11-16T13:15:51.571Z] [unzip] Processing entry: client\favicon-16x16.png
[debug] [2025-11-16T13:15:51.571Z] [unzip] else mkdir: C:\Users\lp4prossi\.cache\firebase\emulators\ui-v1.15.0\client
[debug] [2025-11-16T13:15:51.571Z] [unzip] Writing file: C:\Users\lp4prossi\.cache\firebase\emulators\ui-v1.15.0\client\favicon-16x16.png
[debug] [2025-11-16T13:15:51.572Z] [unzip] Entry: client/safari-pinned-tab.svg (compressed_size=1433 bytes, uncompressed_size=2611 bytes)
[debug] [2025-11-16T13:15:51.573Z] [unzip] Processing entry: client\safari-pinned-tab.svg
[debug] [2025-11-16T13:15:51.573Z] [unzip] else mkdir: C:\Users\lp4prossi\.cache\firebase\emulators\ui-v1.15.0\client
[debug] [2025-11-16T13:15:51.573Z] [unzip] deflating: C:\Users\lp4prossi\.cache\firebase\emulators\ui-v1.15.0\client\safari-pinned-tab.svg
[debug] [2025-11-16T13:15:51.577Z] [unzip] Entry: client/favicon.ico (compressed_size=2933 bytes, uncompressed_size=13294 bytes)
[debug] [2025-11-16T13:15:51.578Z] [unzip] Processing entry: client\favicon.ico
[debug] [2025-11-16T13:15:51.578Z] [unzip] else mkdir: C:\Users\lp4prossi\.cache\firebase\emulators\ui-v1.15.0\client
[debug] [2025-11-16T13:15:51.578Z] [unzip] deflating: C:\Users\lp4prossi\.cache\firebase\emulators\ui-v1.15.0\client\favicon.ico
[debug] [2025-11-16T13:15:51.580Z] [unzip] Entry: client/index.html (compressed_size=1364 bytes, uncompressed_size=3071 bytes)
[debug] [2025-11-16T13:15:51.580Z] [unzip] Processing entry: client\index.html
[debug] [2025-11-16T13:15:51.580Z] [unzip] else mkdir: C:\Users\lp4prossi\.cache\firebase\emulators\ui-v1.15.0\client
[debug] [2025-11-16T13:15:51.581Z] [unzip] deflating: C:\Users\lp4prossi\.cache\firebase\emulators\ui-v1.15.0\client\index.html
[debug] [2025-11-16T13:15:51.582Z] [unzip] Entry: client/android-chrome-192x192.png (compressed_size=2684 bytes, uncompressed_size=2684 bytes)
[debug] [2025-11-16T13:15:51.582Z] [unzip] Processing entry: client\android-chrome-192x192.png
[debug] [2025-11-16T13:15:51.582Z] [unzip] else mkdir: C:\Users\lp4prossi\.cache\firebase\emulators\ui-v1.15.0\client
[debug] [2025-11-16T13:15:51.582Z] [unzip] Writing file: C:\Users\lp4prossi\.cache\firebase\emulators\ui-v1.15.0\client\android-chrome-192x192.png
[debug] [2025-11-16T13:15:51.583Z] [unzip] Entry: client/apple-touch-icon.png (compressed_size=2123 bytes, uncompressed_size=2152 bytes)
[debug] [2025-11-16T13:15:51.584Z] [unzip] Processing entry: client\apple-touch-icon.png
[debug] [2025-11-16T13:15:51.584Z] [unzip] else mkdir: C:\Users\lp4prossi\.cache\firebase\emulators\ui-v1.15.0\client
[debug] [2025-11-16T13:15:51.584Z] [unzip] deflating: C:\Users\lp4prossi\.cache\firebase\emulators\ui-v1.15.0\client\apple-touch-icon.png
[debug] [2025-11-16T13:15:51.585Z] [unzip] Entry: client/android-chrome-512x512.png (compressed_size=5369 bytes, uncompressed_size=5411 bytes)
[debug] [2025-11-16T13:15:51.585Z] [unzip] Processing entry: client\android-chrome-512x512.png
[debug] [2025-11-16T13:15:51.585Z] [unzip] else mkdir: C:\Users\lp4prossi\.cache\firebase\emulators\ui-v1.15.0\client
[debug] [2025-11-16T13:15:51.585Z] [unzip] deflating: C:\Users\lp4prossi\.cache\firebase\emulators\ui-v1.15.0\client\android-chrome-512x512.png
[debug] [2025-11-16T13:15:51.587Z] [unzip] Entry: client/manifest.json (compressed_size=245 bytes, uncompressed_size=551 bytes)
[debug] [2025-11-16T13:15:51.587Z] [unzip] Processing entry: client\manifest.json
[debug] [2025-11-16T13:15:51.587Z] [unzip] else mkdir: C:\Users\lp4prossi\.cache\firebase\emulators\ui-v1.15.0\client
[debug] [2025-11-16T13:15:51.587Z] [unzip] deflating: C:\Users\lp4prossi\.cache\firebase\emulators\ui-v1.15.0\client\manifest.json
[debug] [2025-11-16T13:15:51.588Z] [unzip] Entry: client/robots.txt (compressed_size=26 bytes, uncompressed_size=26 bytes)
[debug] [2025-11-16T13:15:51.589Z] [unzip] Processing entry: client\robots.txt
[debug] [2025-11-16T13:15:51.589Z] [unzip] else mkdir: C:\Users\lp4prossi\.cache\firebase\emulators\ui-v1.15.0\client
[debug] [2025-11-16T13:15:51.589Z] [unzip] Writing file: C:\Users\lp4prossi\.cache\firebase\emulators\ui-v1.15.0\client\robots.txt
[debug] [2025-11-16T13:15:51.590Z] [unzip] Entry: client/mstile-150x150.png (compressed_size=2034 bytes, uncompressed_size=2034 bytes)
[debug] [2025-11-16T13:15:51.590Z] [unzip] Processing entry: client\mstile-150x150.png
[debug] [2025-11-16T13:15:51.590Z] [unzip] else mkdir: C:\Users\lp4prossi\.cache\firebase\emulators\ui-v1.15.0\client
[debug] [2025-11-16T13:15:51.590Z] [unzip] Writing file: C:\Users\lp4prossi\.cache\firebase\emulators\ui-v1.15.0\client\mstile-150x150.png
[debug] [2025-11-16T13:15:51.591Z] [unzip] Entry: client/assets/ (compressed_size=0 bytes, uncompressed_size=0 bytes)
[debug] [2025-11-16T13:15:51.591Z] [unzip] Processing entry: client\assets\
[debug] [2025-11-16T13:15:51.591Z] [unzip] mkdir: C:\Users\lp4prossi\.cache\firebase\emulators\ui-v1.15.0\client\assets\
[debug] [2025-11-16T13:15:51.592Z] [unzip] Entry: client/assets/index-BX-A56oj.js (compressed_size=582089 bytes, uncompressed_size=2092775 bytes)
[debug] [2025-11-16T13:15:51.592Z] [unzip] Processing entry: client\assets\index-BX-A56oj.js
[debug] [2025-11-16T13:15:51.592Z] [unzip] else mkdir: C:\Users\lp4prossi\.cache\firebase\emulators\ui-v1.15.0\client\assets
[debug] [2025-11-16T13:15:51.593Z] [unzip] deflating: C:\Users\lp4prossi\.cache\firebase\emulators\ui-v1.15.0\client\assets\index-BX-A56oj.js
[debug] [2025-11-16T13:15:51.606Z] [unzip] Entry: client/assets/index-CjB9C900.css (compressed_size=35979 bytes, uncompressed_size=298654 bytes)
[debug] [2025-11-16T13:15:51.606Z] [unzip] Processing entry: client\assets\index-CjB9C900.css
[debug] [2025-11-16T13:15:51.606Z] [unzip] else mkdir: C:\Users\lp4prossi\.cache\firebase\emulators\ui-v1.15.0\client\assets
[debug] [2025-11-16T13:15:51.607Z] [unzip] deflating: C:\Users\lp4prossi\.cache\firebase\emulators\ui-v1.15.0\client\assets\index-CjB9C900.css
[debug] [2025-11-16T13:15:51.610Z] [unzip] Entry: client/assets/index-BX-A56oj.js.map (compressed_size=2362482 bytes, uncompressed_size=10036679 bytes)
[debug] [2025-11-16T13:15:51.610Z] [unzip] Processing entry: client\assets\index-BX-A56oj.js.map
[debug] [2025-11-16T13:15:51.610Z] [unzip] else mkdir: C:\Users\lp4prossi\.cache\firebase\emulators\ui-v1.15.0\client\assets
[debug] [2025-11-16T13:15:51.611Z] [unzip] deflating: C:\Users\lp4prossi\.cache\firebase\emulators\ui-v1.15.0\client\assets\index-BX-A56oj.js.map
[debug] [2025-11-16T13:15:51.675Z] [unzip] Entry: client/assets/extensions/ (compressed_size=0 bytes, uncompressed_size=0 bytes)
[debug] [2025-11-16T13:15:51.675Z] [unzip] Processing entry: client\assets\extensions\
[debug] [2025-11-16T13:15:51.676Z] [unzip] mkdir: C:\Users\lp4prossi\.cache\firebase\emulators\ui-v1.15.0\client\assets\extensions\
[debug] [2025-11-16T13:15:51.676Z] [unzip] Entry: client/assets/extensions/default-extension.png (compressed_size=1646 bytes, uncompressed_size=1657 bytes)
[debug] [2025-11-16T13:15:51.676Z] [unzip] Processing entry: client\assets\extensions\default-extension.png
[debug] [2025-11-16T13:15:51.676Z] [unzip] else mkdir: C:\Users\lp4prossi\.cache\firebase\emulators\ui-v1.15.0\client\assets\extensions
[debug] [2025-11-16T13:15:51.677Z] [unzip] deflating: C:\Users\lp4prossi\.cache\firebase\emulators\ui-v1.15.0\client\assets\extensions\default-extension.png
[debug] [2025-11-16T13:15:51.678Z] [unzip] Entry: client/assets/img/ (compressed_size=0 bytes, uncompressed_size=0 bytes)
[debug] [2025-11-16T13:15:51.678Z] [unzip] Processing entry: client\assets\img\
[debug] [2025-11-16T13:15:51.678Z] [unzip] mkdir: C:\Users\lp4prossi\.cache\firebase\emulators\ui-v1.15.0\client\assets\img\
[debug] [2025-11-16T13:15:51.678Z] [unzip] Entry: client/assets/img/database.png (compressed_size=29449 bytes, uncompressed_size=29988 bytes)
[debug] [2025-11-16T13:15:51.679Z] [unzip] Processing entry: client\assets\img\database.png
[debug] [2025-11-16T13:15:51.679Z] [unzip] else mkdir: C:\Users\lp4prossi\.cache\firebase\emulators\ui-v1.15.0\client\assets\img
[debug] [2025-11-16T13:15:51.679Z] [unzip] deflating: C:\Users\lp4prossi\.cache\firebase\emulators\ui-v1.15.0\client\assets\img\database.png
[debug] [2025-11-16T13:15:51.680Z] [unzip] Entry: client/assets/provider-icons/ (compressed_size=0 bytes, uncompressed_size=0 bytes)
[debug] [2025-11-16T13:15:51.680Z] [unzip] Processing entry: client\assets\provider-icons\
[debug] [2025-11-16T13:15:51.680Z] [unzip] mkdir: C:\Users\lp4prossi\.cache\firebase\emulators\ui-v1.15.0\client\assets\provider-icons\
[debug] [2025-11-16T13:15:51.680Z] [unzip] Entry: client/assets/provider-icons/auth_service_saml.svg (compressed_size=575 bytes, uncompressed_size=1226 bytes)
[debug] [2025-11-16T13:15:51.680Z] [unzip] Processing entry: client\assets\provider-icons\auth_service_saml.svg
[debug] [2025-11-16T13:15:51.680Z] [unzip] else mkdir: C:\Users\lp4prossi\.cache\firebase\emulators\ui-v1.15.0\client\assets\provider-icons
[debug] [2025-11-16T13:15:51.680Z] [unzip] deflating: C:\Users\lp4prossi\.cache\firebase\emulators\ui-v1.15.0\client\assets\provider-icons\auth_service_saml.svg
[debug] [2025-11-16T13:15:51.681Z] [unzip] Entry: client/assets/provider-icons/auth_service_phone.svg (compressed_size=261 bytes, uncompressed_size=414 bytes)
[debug] [2025-11-16T13:15:51.681Z] [unzip] Processing entry: client\assets\provider-icons\auth_service_phone.svg
[debug] [2025-11-16T13:15:51.681Z] [unzip] else mkdir: C:\Users\lp4prossi\.cache\firebase\emulators\ui-v1.15.0\client\assets\provider-icons
[debug] [2025-11-16T13:15:51.682Z] [unzip] deflating: C:\Users\lp4prossi\.cache\firebase\emulators\ui-v1.15.0\client\assets\provider-icons\auth_service_phone.svg
[debug] [2025-11-16T13:15:51.683Z] [unzip] Entry: client/assets/provider-icons/auth_service_facebook.svg (compressed_size=289 bytes, uncompressed_size=457 bytes)
[debug] [2025-11-16T13:15:51.683Z] [unzip] Processing entry: client\assets\provider-icons\auth_service_facebook.svg
[debug] [2025-11-16T13:15:51.683Z] [unzip] else mkdir: C:\Users\lp4prossi\.cache\firebase\emulators\ui-v1.15.0\client\assets\provider-icons
[debug] [2025-11-16T13:15:51.683Z] [unzip] deflating: C:\Users\lp4prossi\.cache\firebase\emulators\ui-v1.15.0\client\assets\provider-icons\auth_service_facebook.svg
[debug] [2025-11-16T13:15:51.686Z] [unzip] Entry: client/assets/provider-icons/auth_service_game_center.svg (compressed_size=991 bytes, uncompressed_size=3921 bytes)
[debug] [2025-11-16T13:15:51.686Z] [unzip] Processing entry: client\assets\provider-icons\auth_service_game_center.svg
[debug] [2025-11-16T13:15:51.686Z] [unzip] else mkdir: C:\Users\lp4prossi\.cache\firebase\emulators\ui-v1.15.0\client\assets\provider-icons
[debug] [2025-11-16T13:15:51.687Z] [unzip] deflating: C:\Users\lp4prossi\.cache\firebase\emulators\ui-v1.15.0\client\assets\provider-icons\auth_service_game_center.svg
[debug] [2025-11-16T13:15:51.688Z] [unzip] Entry: client/assets/provider-icons/auth_service_apple.svg (compressed_size=230 bytes, uncompressed_size=334 bytes)
[debug] [2025-11-16T13:15:51.688Z] [unzip] Processing entry: client\assets\provider-icons\auth_service_apple.svg
[debug] [2025-11-16T13:15:51.688Z] [unzip] else mkdir: C:\Users\lp4prossi\.cache\firebase\emulators\ui-v1.15.0\client\assets\provider-icons
[debug] [2025-11-16T13:15:51.689Z] [unzip] deflating: C:\Users\lp4prossi\.cache\firebase\emulators\ui-v1.15.0\client\assets\provider-icons\auth_service_apple.svg
[debug] [2025-11-16T13:15:51.690Z] [unzip] Entry: client/assets/provider-icons/auth_service_github.svg (compressed_size=466 bytes, uncompressed_size=838 bytes)
[debug] [2025-11-16T13:15:51.690Z] [unzip] Processing entry: client\assets\provider-icons\auth_service_github.svg
[debug] [2025-11-16T13:15:51.690Z] [unzip] else mkdir: C:\Users\lp4prossi\.cache\firebase\emulators\ui-v1.15.0\client\assets\provider-icons
[debug] [2025-11-16T13:15:51.690Z] [unzip] deflating: C:\Users\lp4prossi\.cache\firebase\emulators\ui-v1.15.0\client\assets\provider-icons\auth_service_github.svg
[debug] [2025-11-16T13:15:51.691Z] [unzip] Entry: client/assets/provider-icons/auth_service_mslive.svg (compressed_size=203 bytes, uncompressed_size=378 bytes)
[debug] [2025-11-16T13:15:51.691Z] [unzip] Processing entry: client\assets\provider-icons\auth_service_mslive.svg
[debug] [2025-11-16T13:15:51.691Z] [unzip] else mkdir: C:\Users\lp4prossi\.cache\firebase\emulators\ui-v1.15.0\client\assets\provider-icons
[debug] [2025-11-16T13:15:51.691Z] [unzip] deflating: C:\Users\lp4prossi\.cache\firebase\emulators\ui-v1.15.0\client\assets\provider-icons\auth_service_mslive.svg
[debug] [2025-11-16T13:15:51.693Z] [unzip] Entry: client/assets/provider-icons/auth_service_yahoo.svg (compressed_size=577 bytes, uncompressed_size=1182 bytes)
[debug] [2025-11-16T13:15:51.693Z] [unzip] Processing entry: client\assets\provider-icons\auth_service_yahoo.svg
[debug] [2025-11-16T13:15:51.693Z] [unzip] else mkdir: C:\Users\lp4prossi\.cache\firebase\emulators\ui-v1.15.0\client\assets\provider-icons
[debug] [2025-11-16T13:15:51.693Z] [unzip] deflating: C:\Users\lp4prossi\.cache\firebase\emulators\ui-v1.15.0\client\assets\provider-icons\auth_service_yahoo.svg
[debug] [2025-11-16T13:15:51.694Z] [unzip] Entry: client/assets/provider-icons/auth_service_twitter.svg (compressed_size=444 bytes, uncompressed_size=751 bytes)
[debug] [2025-11-16T13:15:51.694Z] [unzip] Processing entry: client\assets\provider-icons\auth_service_twitter.svg
[debug] [2025-11-16T13:15:51.694Z] [unzip] else mkdir: C:\Users\lp4prossi\.cache\firebase\emulators\ui-v1.15.0\client\assets\provider-icons
[debug] [2025-11-16T13:15:51.694Z] [unzip] deflating: C:\Users\lp4prossi\.cache\firebase\emulators\ui-v1.15.0\client\assets\provider-icons\auth_service_twitter.svg
[debug] [2025-11-16T13:15:51.695Z] [unzip] Entry: client/assets/provider-icons/auth_service_play_games.svg (compressed_size=565 bytes, uncompressed_size=1173 bytes)
[debug] [2025-11-16T13:15:51.696Z] [unzip] Processing entry: client\assets\provider-icons\auth_service_play_games.svg
[debug] [2025-11-16T13:15:51.696Z] [unzip] else mkdir: C:\Users\lp4prossi\.cache\firebase\emulators\ui-v1.15.0\client\assets\provider-icons
[debug] [2025-11-16T13:15:51.696Z] [unzip] deflating: C:\Users\lp4prossi\.cache\firebase\emulators\ui-v1.15.0\client\assets\provider-icons\auth_service_play_games.svg
[debug] [2025-11-16T13:15:51.697Z] [unzip] Entry: client/assets/provider-icons/auth_service_email.svg (compressed_size=228 bytes, uncompressed_size=326 bytes)
[debug] [2025-11-16T13:15:51.697Z] [unzip] Processing entry: client\assets\provider-icons\auth_service_email.svg
[debug] [2025-11-16T13:15:51.697Z] [unzip] else mkdir: C:\Users\lp4prossi\.cache\firebase\emulators\ui-v1.15.0\client\assets\provider-icons
[debug] [2025-11-16T13:15:51.697Z] [unzip] deflating: C:\Users\lp4prossi\.cache\firebase\emulators\ui-v1.15.0\client\assets\provider-icons\auth_service_email.svg
[debug] [2025-11-16T13:15:51.698Z] [unzip] Entry: client/assets/provider-icons/auth_service_google.svg (compressed_size=409 bytes, uncompressed_size=720 bytes)
[debug] [2025-11-16T13:15:51.698Z] [unzip] Processing entry: client\assets\provider-icons\auth_service_google.svg
[debug] [2025-11-16T13:15:51.698Z] [unzip] else mkdir: C:\Users\lp4prossi\.cache\firebase\emulators\ui-v1.15.0\client\assets\provider-icons
[debug] [2025-11-16T13:15:51.698Z] [unzip] deflating: C:\Users\lp4prossi\.cache\firebase\emulators\ui-v1.15.0\client\assets\provider-icons\auth_service_google.svg
[debug] [2025-11-16T13:15:51.699Z] [unzip] Entry: client/assets/provider-icons/auth_service_oidc.svg (compressed_size=414 bytes, uncompressed_size=858 bytes)
[debug] [2025-11-16T13:15:51.699Z] [unzip] Processing entry: client\assets\provider-icons\auth_service_oidc.svg
[debug] [2025-11-16T13:15:51.699Z] [unzip] else mkdir: C:\Users\lp4prossi\.cache\firebase\emulators\ui-v1.15.0\client\assets\provider-icons
[debug] [2025-11-16T13:15:51.700Z] [unzip] deflating: C:\Users\lp4prossi\.cache\firebase\emulators\ui-v1.15.0\client\assets\provider-icons\auth_service_oidc.svg
[debug] [2025-11-16T13:15:51.701Z] [unzip] Entry: client/browserconfig.xml (compressed_size=491 bytes, uncompressed_size=822 bytes)
[debug] [2025-11-16T13:15:51.701Z] [unzip] Processing entry: client\browserconfig.xml
[debug] [2025-11-16T13:15:51.701Z] [unzip] else mkdir: C:\Users\lp4prossi\.cache\firebase\emulators\ui-v1.15.0\client
[debug] [2025-11-16T13:15:51.701Z] [unzip] deflating: C:\Users\lp4prossi\.cache\firebase\emulators\ui-v1.15.0\client\browserconfig.xml
[debug] [2025-11-16T13:15:51.702Z] [unzip] Entry: client/favicon-32x32.png (compressed_size=475 bytes, uncompressed_size=475 bytes)
[debug] [2025-11-16T13:15:51.702Z] [unzip] Processing entry: client\favicon-32x32.png
[debug] [2025-11-16T13:15:51.702Z] [unzip] else mkdir: C:\Users\lp4prossi\.cache\firebase\emulators\ui-v1.15.0\client
[debug] [2025-11-16T13:15:51.702Z] [unzip] Writing file: C:\Users\lp4prossi\.cache\firebase\emulators\ui-v1.15.0\client\favicon-32x32.png
[debug] [2025-11-16T13:15:51.703Z] [unzip] Entry: server/ (compressed_size=0 bytes, uncompressed_size=0 bytes)
[debug] [2025-11-16T13:15:51.703Z] [unzip] Processing entry: server\
[debug] [2025-11-16T13:15:51.703Z] [unzip] mkdir: C:\Users\lp4prossi\.cache\firebase\emulators\ui-v1.15.0\server\
[debug] [2025-11-16T13:15:51.704Z] [unzip] Entry: server/server.mjs.map (compressed_size=217845 bytes, uncompressed_size=944978 bytes)
[debug] [2025-11-16T13:15:51.704Z] [unzip] Processing entry: server\server.mjs.map
[debug] [2025-11-16T13:15:51.704Z] [unzip] else mkdir: C:\Users\lp4prossi\.cache\firebase\emulators\ui-v1.15.0\server
[debug] [2025-11-16T13:15:51.704Z] [unzip] deflating: C:\Users\lp4prossi\.cache\firebase\emulators\ui-v1.15.0\server\server.mjs.map
[debug] [2025-11-16T13:15:51.710Z] [unzip] Entry: server/server.mjs (compressed_size=276407 bytes, uncompressed_size=933701 bytes)
[debug] [2025-11-16T13:15:51.710Z] [unzip] Processing entry: server\server.mjs
[debug] [2025-11-16T13:15:51.710Z] [unzip] else mkdir: C:\Users\lp4prossi\.cache\firebase\emulators\ui-v1.15.0\server
[debug] [2025-11-16T13:15:51.711Z] [unzip] deflating: C:\Users\lp4prossi\.cache\firebase\emulators\ui-v1.15.0\server\server.mjs
[debug] [2025-11-16T13:15:51.723Z] Could not find VSCode notification endpoint: FetchError: request to http://localhost:40001/vscode/notify failed, reason: . If you are not running the Firebase Data Connect VSCode extension, this is expected and not an issue.
[info] 
┌─────────────────────────────────────────────────────────────┐
│ ✔  All emulators ready! It is now safe to connect your app. │
│ i  View Emulator UI at http://127.0.0.1:4000/               │
└─────────────────────────────────────────────────────────────┘

┌────────────────┬────────────────┬─────────────────────────────────┐
│ Emulator       │ Host:Port      │ View in Emulator UI             │
├────────────────┼────────────────┼─────────────────────────────────┤
│ Authentication │ 127.0.0.1:9099 │ http://127.0.0.1:4000/auth      │
├────────────────┼────────────────┼─────────────────────────────────┤
│ Firestore      │ 127.0.0.1:8080 │ http://127.0.0.1:4000/firestore │
└────────────────┴────────────────┴─────────────────────────────────┘
  Emulator Hub host: 127.0.0.1 port: 4400
  Other reserved ports: 4500, 9150

Issues? Report them at https://github.com/firebase/firebase-tools/issues and attach the *-debug.log files.
 
